<?xml version="1.0" encoding="UTF-8"?>
<testng-results ignored="0" total="1" passed="1" failed="0" skipped="0">
  <reporter-output>
  </reporter-output>
  <suite started-at="2023-01-06T17:24:46Z" name="Happy pass suite" finished-at="2023-01-06T17:26:02Z" duration-ms="76068">
    <groups>
    </groups>
    <test started-at="2023-01-06T17:24:46Z" name="Dispatch" finished-at="2023-01-06T17:26:02Z" duration-ms="76068">
      <class name="TestCase.DispatshTestcase">
        <test-method is-config="true" signature="startDriver(java.lang.String)[pri:0, instance:TestCase.DispatshTestcase@7bbc8656]" started-at="2023-01-06T17:24:41Z" name="startDriver" finished-at="2023-01-06T17:24:46Z" duration-ms="4733" status="PASS">
          <params>
            <param index="0">
              <value>
                <![CDATA[chrome]]>
              </value>
            </param>
          </params>
          <reporter-output>
          </reporter-output>
        </test-method> <!-- startDriver -->
        <test-method signature="Dispatsh()[pri:0, instance:TestCase.DispatshTestcase@7bbc8656]" started-at="2023-01-06T17:24:46Z" name="Dispatsh" finished-at="2023-01-06T17:26:01Z" duration-ms="75916" status="PASS">
          <reporter-output>
          </reporter-output>
        </test-method> <!-- Dispatsh -->
        <test-method is-config="true" signature="screenShotOnFailure(org.testng.ITestResult)[pri:0, instance:TestCase.DispatshTestcase@7bbc8656]" started-at="2023-01-06T17:26:02Z" name="screenShotOnFailure" finished-at="2023-01-06T17:26:02Z" duration-ms="2" status="PASS">
          <params>
            <param index="0">
              <value>
                <![CDATA[[TestResult name=Dispatsh status=SUCCESS method=DispatshTestcase.Dispatsh()[pri:0, instance:TestCase.DispatshTestcase@7bbc8656] output={null}]]]>
              </value>
            </param>
          </params>
          <reporter-output>
          </reporter-output>
        </test-method> <!-- screenShotOnFailure -->
        <test-method is-config="true" signature="closeDriver()[pri:0, instance:TestCase.DispatshTestcase@7bbc8656]" started-at="2023-01-06T17:26:02Z" name="closeDriver" finished-at="2023-01-06T17:26:02Z" duration-ms="0" status="PASS">
          <reporter-output>
          </reporter-output>
        </test-method> <!-- closeDriver -->
      </class> <!-- TestCase.DispatshTestcase -->
    </test> <!-- Dispatch -->
  </suite> <!-- Happy pass suite -->
</testng-results>
